<?xml version="1.0" encoding="UTF-8"?>
<coverage generated="1544901400">
  <project timestamp="1544901400">
    <package name="tinydots\frontmatter">
      <file name="C:\projects\tinydots\plugins\front-matter\src\FrontMatter.php">
        <class name="tinydots\frontmatter\FrontMatter" namespace="tinydots\frontmatter">
          <metrics complexity="1" methods="1" coveredmethods="1" conditionals="0" coveredconditionals="0" statements="8" coveredstatements="8" elements="9" coveredelements="9"/>
        </class>
        <line num="28" type="method" name="init" visibility="public" complexity="1" crap="1" count="3"/>
        <line num="30" type="stmt" count="3"/>
        <line num="32" type="stmt" count="3"/>
        <line num="34" type="stmt" count="3"/>
        <line num="35" type="stmt" count="3"/>
        <line num="39" type="stmt" count="1"/>
        <line num="40" type="stmt" count="1"/>
        <line num="41" type="stmt" count="3"/>
        <line num="42" type="stmt" count="3"/>
        <metrics loc="42" ncloc="29" classes="1" methods="1" coveredmethods="1" conditionals="0" coveredconditionals="0" statements="8" coveredstatements="8" elements="9" coveredelements="9"/>
      </file>
    </package>
    <package name="tinydots\frontmatter\services">
      <file name="C:\projects\tinydots\plugins\front-matter\src\services\FrontMatterService.php">
        <class name="tinydots\frontmatter\services\FrontMatterService" namespace="tinydots\frontmatter\services">
          <metrics complexity="7" methods="5" coveredmethods="3" conditionals="0" coveredconditionals="0" statements="15" coveredstatements="8" elements="20" coveredelements="11"/>
        </class>
        <line num="22" type="method" name="init" visibility="public" complexity="1" crap="1" count="2"/>
        <line num="24" type="stmt" count="2"/>
        <line num="26" type="stmt" count="2"/>
        <line num="27" type="stmt" count="2"/>
        <line num="29" type="method" name="getParser" visibility="public" complexity="1" crap="1" count="2"/>
        <line num="31" type="stmt" count="2"/>
        <line num="34" type="method" name="parseString" visibility="public" complexity="2" crap="2" count="2"/>
        <line num="36" type="stmt" count="2"/>
        <line num="37" type="stmt" count="2"/>
        <line num="38" type="stmt" count="1"/>
        <line num="41" type="stmt" count="2"/>
        <line num="49" type="method" name="parseTemplate" visibility="public" complexity="1" crap="2.00" count="0"/>
        <line num="51" type="stmt" count="0"/>
        <line num="53" type="stmt" count="0"/>
        <line num="55" type="stmt" count="0"/>
        <line num="68" type="method" name="_resolveTemplate" visibility="private" complexity="2" crap="6.00" count="0"/>
        <line num="70" type="stmt" count="0"/>
        <line num="72" type="stmt" count="0"/>
        <line num="73" type="stmt" count="0"/>
        <line num="76" type="stmt" count="0"/>
        <metrics loc="77" ncloc="54" classes="1" methods="5" coveredmethods="3" conditionals="0" coveredconditionals="0" statements="15" coveredstatements="8" elements="20" coveredelements="11"/>
      </file>
    </package>
    <package name="tinydots\frontmatter\variables">
      <file name="C:\projects\tinydots\plugins\front-matter\src\variables\FrontMatterVariable.php">
        <class name="tinydots\frontmatter\variables\FrontMatterVariable" namespace="tinydots\frontmatter\variables">
          <metrics complexity="2" methods="2" coveredmethods="0" conditionals="0" coveredconditionals="0" statements="2" coveredstatements="0" elements="4" coveredelements="0"/>
        </class>
        <line num="19" type="method" name="parse" visibility="public" complexity="1" crap="2.00" count="0"/>
        <line num="21" type="stmt" count="0"/>
        <line num="24" type="method" name="source" visibility="public" complexity="1" crap="2.00" count="0"/>
        <line num="26" type="stmt" count="0"/>
        <metrics loc="27" ncloc="16" classes="1" methods="2" coveredmethods="0" conditionals="0" coveredconditionals="0" statements="2" coveredstatements="0" elements="4" coveredelements="0"/>
      </file>
    </package>
    <metrics files="3" loc="146" ncloc="99" classes="3" methods="8" coveredmethods="4" conditionals="0" coveredconditionals="0" statements="25" coveredstatements="16" elements="33" coveredelements="20"/>
  </project>
</coverage>
